#
# There is insufficient memory for the Java Runtime Environment to continue.
# Native memory allocation (malloc) failed to allocate 1143776 bytes for Chunk::new
# Possible reasons:
#   The system is out of physical RAM or swap space
#   The process is running with CompressedOops enabled, and the Java Heap may be blocking the growth of the native heap
# Possible solutions:
#   Reduce memory load on the system
#   Increase physical memory or swap space
#   Check if swap backing store is full
#   Decrease Java heap size (-Xmx/-Xms)
#   Decrease number of Java threads
#   Decrease Java thread stack sizes (-Xss)
#   Set larger code cache with -XX:ReservedCodeCacheSize=
#   JVM is running with Unscaled Compressed Oops mode in which the Java heap is
#     placed in the first 4GB address space. The Java Heap base address is the
#     maximum limit for the native heap growth. Please use -XX:HeapBaseMinAddress
#     to set the Java Heap base and to place the Java Heap above 4GB virtual address.
# This output file may be truncated or incomplete.
#
#  Out of Memory Error (arena.cpp:189), pid=26768, tid=2888
#
# JRE version: Java(TM) SE Runtime Environment (17.0.14+8) (build 17.0.14+8-LTS-191)
# Java VM: Java HotSpot(TM) 64-Bit Server VM (17.0.14+8-LTS-191, mixed mode, sharing, tiered, compressed oops, compressed class ptrs, g1 gc, windows-amd64)
# No core dump will be written. Minidumps are not enabled by default on client versions of Windows
#

---------------  S U M M A R Y ------------

Command Line: -Dcom.sun.management.jmxremote -Dcom.sun.management.jmxremote.port=62187 -Dcom.sun.management.jmxremote.authenticate=false -Dcom.sun.management.jmxremote.ssl=false -Dspring.jmx.enabled=true -Djava.rmi.server.hostname=localhost -Dspring.application.admin.enabled=true -Dspring.boot.project.name=home-service -XX:+ShowCodeDetailsInExceptionMessages -Dmanagement.endpoints.jmx.exposure.include=* com.jigubangbang.home_service.HomeServiceApplication

Host: Intel(R) Core(TM) i7-1065G7 CPU @ 1.30GHz, 8 cores, 7G,  Windows 11 , 64 bit Build 26100 (10.0.26100.4202)
Time: Wed Jun 18 16:42:21 2025  Windows 11 , 64 bit Build 26100 (10.0.26100.4202) elapsed time: 121.754848 seconds (0d 0h 2m 1s)

---------------  T H R E A D  ---------------

Current thread (0x000001c8bfcdd0b0):  JavaThread "C2 CompilerThread0" daemon [_thread_in_native, id=2888, stack(0x00000028e3300000,0x00000028e3400000)]


Current CompileTask:
C2: 121755 7302   !   4       java.lang.reflect.Executable::declaredAnnotations (85 bytes)

Stack: [0x00000028e3300000,0x00000028e3400000]
Native frames: (J=compiled Java code, j=interpreted, Vv=VM code, C=native code)
V  [jvm.dll+0x67a38a]
V  [jvm.dll+0x7da7ed]
V  [jvm.dll+0x7dc133]
V  [jvm.dll+0x7dc7a3]
V  [jvm.dll+0x24517f]
V  [jvm.dll+0xab773]
V  [jvm.dll+0xabd3c]
V  [jvm.dll+0x2aa61f]
V  [jvm.dll+0x582209]
V  [jvm.dll+0x21f522]
V  [jvm.dll+0x21f91f]
V  [jvm.dll+0x218ba0]
V  [jvm.dll+0x215c65]
V  [jvm.dll+0x1a2950]
V  [jvm.dll+0x22620b]
V  [jvm.dll+0x2243ab]
V  [jvm.dll+0x790bbc]
V  [jvm.dll+0x78b04a]
V  [jvm.dll+0x679275]
C  [ucrtbase.dll+0x37b0]
C  [KERNEL32.DLL+0x2e8d7]
C  [ntdll.dll+0x3c34c]


---------------  P R O C E S S  ---------------

Threads class SMR info:
_java_thread_list=0x000001c90855c8a0, length=41, elements={
0x000001c8bfcad6f0, 0x000001c8bfcb01c0, 0x000001c8bfcc9fe0, 0x000001c8bfcca8b0,
0x000001c8bfccb180, 0x000001c8bfcd3b50, 0x000001c8bfcdd0b0, 0x000001c8bfd0da90,
0x000001c8bfd103b0, 0x000001c8bfd1e660, 0x000001c905153fb0, 0x000001c90576a370,
0x000001c905451200, 0x000001c90588f220, 0x000001c906f51c00, 0x000001c906f52b30,
0x000001c906f53040, 0x000001c906f553b0, 0x000001c906f53a60, 0x000001c906f52620,
0x000001c906f52110, 0x000001c906865c70, 0x000001c9068684f0, 0x000001c906867fe0,
0x000001c9068675c0, 0x000001c906868a00, 0x000001c906865760, 0x000001c906868f10,
0x000001c906869420, 0x000001c906869930, 0x000001c906866180, 0x000001c906869e40,
0x000001c906866690, 0x000001c90686a350, 0x000001c906866ba0, 0x000001c90686a860,
0x000001c9068670b0, 0x000001c90686ad70, 0x000001c90686b280, 0x000001c90686b790,
0x000001c90686bca0
}

Java Threads: ( => current thread )
  0x000001c8bfcad6f0 JavaThread "Reference Handler" daemon [_thread_blocked, id=20324, stack(0x00000028e2d00000,0x00000028e2e00000)]
  0x000001c8bfcb01c0 JavaThread "Finalizer" daemon [_thread_blocked, id=21976, stack(0x00000028e2e00000,0x00000028e2f00000)]
  0x000001c8bfcc9fe0 JavaThread "Signal Dispatcher" daemon [_thread_blocked, id=22700, stack(0x00000028e2f00000,0x00000028e3000000)]
  0x000001c8bfcca8b0 JavaThread "Attach Listener" daemon [_thread_blocked, id=9512, stack(0x00000028e3000000,0x00000028e3100000)]
  0x000001c8bfccb180 JavaThread "Service Thread" daemon [_thread_blocked, id=12372, stack(0x00000028e3100000,0x00000028e3200000)]
  0x000001c8bfcd3b50 JavaThread "Monitor Deflation Thread" daemon [_thread_blocked, id=8364, stack(0x00000028e3200000,0x00000028e3300000)]
=>0x000001c8bfcdd0b0 JavaThread "C2 CompilerThread0" daemon [_thread_in_native, id=2888, stack(0x00000028e3300000,0x00000028e3400000)]
  0x000001c8bfd0da90 JavaThread "C1 CompilerThread0" daemon [_thread_blocked, id=3508, stack(0x00000028e3400000,0x00000028e3500000)]
  0x000001c8bfd103b0 JavaThread "Sweeper thread" daemon [_thread_blocked, id=13144, stack(0x00000028e3500000,0x00000028e3600000)]
  0x000001c8bfd1e660 JavaThread "Common-Cleaner" daemon [_thread_blocked, id=11352, stack(0x00000028e3600000,0x00000028e3700000)]
  0x000001c905153fb0 JavaThread "Notification Thread" daemon [_thread_blocked, id=6324, stack(0x00000028e3700000,0x00000028e3800000)]
  0x000001c90576a370 JavaThread "RMI TCP Accept-0" daemon [_thread_in_native, id=8928, stack(0x00000028e3900000,0x00000028e3a00000)]
  0x000001c905451200 JavaThread "RMI TCP Accept-62187" daemon [_thread_in_native, id=15208, stack(0x00000028e3a00000,0x00000028e3b00000)]
  0x000001c90588f220 JavaThread "RMI TCP Accept-0" daemon [_thread_in_native, id=23476, stack(0x00000028e3b00000,0x00000028e3c00000)]
  0x000001c906f51c00 JavaThread "RMI Scheduler(0)" daemon [_thread_blocked, id=9364, stack(0x00000028e4900000,0x00000028e4a00000)]
  0x000001c906f52b30 JavaThread "RMI TCP Connection(2)-127.0.0.1" daemon [_thread_in_native, id=17120, stack(0x00000028e4a00000,0x00000028e4b00000)]
  0x000001c906f53040 JavaThread "JMX server connection timeout 25" daemon [_thread_blocked, id=31180, stack(0x00000028e4b00000,0x00000028e4c00000)]
  0x000001c906f553b0 JavaThread "Catalina-utility-1" [_thread_blocked, id=25504, stack(0x00000028e5100000,0x00000028e5200000)]
  0x000001c906f53a60 JavaThread "Catalina-utility-2" [_thread_blocked, id=33576, stack(0x00000028e5200000,0x00000028e5300000)]
  0x000001c906f52620 JavaThread "container-0" [_thread_blocked, id=26184, stack(0x00000028e5300000,0x00000028e5400000)]
  0x000001c906f52110 JavaThread "File Watcher" daemon [_thread_blocked, id=21412, stack(0x00000028e5500000,0x00000028e5600000)]
  0x000001c906865c70 JavaThread "spectator-gauge-polling-0" daemon [_thread_blocked, id=8936, stack(0x00000028e5600000,0x00000028e5700000)]
  0x000001c9068684f0 JavaThread "AsyncResolver-bootstrap-%d" daemon [_thread_blocked, id=31680, stack(0x00000028e5700000,0x00000028e5800000)]
  0x000001c906867fe0 JavaThread "DiscoveryClient-%d" daemon [_thread_blocked, id=31032, stack(0x00000028e5800000,0x00000028e5900000)]
  0x000001c9068675c0 JavaThread "DiscoveryClient-%d" daemon [_thread_blocked, id=27656, stack(0x00000028e5900000,0x00000028e5a00000)]
  0x000001c906868a00 JavaThread "DiscoveryClient-InstanceInfoReplicator-%d" daemon [_thread_blocked, id=9416, stack(0x00000028e5a00000,0x00000028e5b00000)]
  0x000001c906865760 JavaThread "http-nio-8088-exec-1" daemon [_thread_blocked, id=3112, stack(0x00000028e5b00000,0x00000028e5c00000)]
  0x000001c906868f10 JavaThread "http-nio-8088-exec-2" daemon [_thread_blocked, id=23664, stack(0x00000028e5c00000,0x00000028e5d00000)]
  0x000001c906869420 JavaThread "http-nio-8088-exec-3" daemon [_thread_blocked, id=7376, stack(0x00000028e5d00000,0x00000028e5e00000)]
  0x000001c906869930 JavaThread "http-nio-8088-exec-4" daemon [_thread_blocked, id=29464, stack(0x00000028e5e00000,0x00000028e5f00000)]
  0x000001c906866180 JavaThread "http-nio-8088-exec-5" daemon [_thread_blocked, id=1856, stack(0x00000028e5f00000,0x00000028e6000000)]
  0x000001c906869e40 JavaThread "http-nio-8088-exec-6" daemon [_thread_blocked, id=32392, stack(0x00000028e6000000,0x00000028e6100000)]
  0x000001c906866690 JavaThread "http-nio-8088-exec-7" daemon [_thread_blocked, id=30964, stack(0x00000028e6100000,0x00000028e6200000)]
  0x000001c90686a350 JavaThread "http-nio-8088-exec-8" daemon [_thread_blocked, id=1496, stack(0x00000028e6200000,0x00000028e6300000)]
  0x000001c906866ba0 JavaThread "http-nio-8088-exec-9" daemon [_thread_blocked, id=21616, stack(0x00000028e6300000,0x00000028e6400000)]
  0x000001c90686a860 JavaThread "http-nio-8088-exec-10" daemon [_thread_blocked, id=9448, stack(0x00000028e6400000,0x00000028e6500000)]
  0x000001c9068670b0 JavaThread "http-nio-8088-Poller" daemon [_thread_in_native, id=15196, stack(0x00000028e6500000,0x00000028e6600000)]
  0x000001c90686ad70 JavaThread "http-nio-8088-Acceptor" daemon [_thread_in_native, id=10492, stack(0x00000028e6600000,0x00000028e6700000)]
  0x000001c90686b280 JavaThread "DestroyJavaVM" [_thread_blocked, id=27596, stack(0x00000028e2600000,0x00000028e2700000)]
  0x000001c90686b790 JavaThread "DiscoveryClient-CacheRefreshExecutor-%d" daemon [_thread_blocked, id=5896, stack(0x00000028e3800000,0x00000028e3900000)]
  0x000001c90686bca0 JavaThread "DiscoveryClient-HeartbeatExecutor-%d" daemon [_thread_blocked, id=11096, stack(0x00000028e6700000,0x00000028e6800000)]

Other Threads:
  0x000001c8bfca7080 VMThread "VM Thread" [stack: 0x00000028e2c00000,0x00000028e2d00000] [id=28368]
  0x000001c8a15d6b30 WatcherThread [stack: 0x00000028e3c00000,0x00000028e3d00000] [id=6220]
  0x000001c8a1596070 GCTaskThread "GC Thread#0" [stack: 0x00000028e2700000,0x00000028e2800000] [id=14000]
  0x000001c906dd8010 GCTaskThread "GC Thread#1" [stack: 0x00000028e3d00000,0x00000028e3e00000] [id=6904]
  0x000001c90641fd20 GCTaskThread "GC Thread#2" [stack: 0x00000028e3e00000,0x00000028e3f00000] [id=7992]
  0x000001c906359750 GCTaskThread "GC Thread#3" [stack: 0x00000028e3f00000,0x00000028e4000000] [id=26188]
  0x000001c905835870 GCTaskThread "GC Thread#4" [stack: 0x00000028e4000000,0x00000028e4100000] [id=11840]
  0x000001c906a7ea00 GCTaskThread "GC Thread#5" [stack: 0x00000028e4100000,0x00000028e4200000] [id=31316]
  0x000001c906a7ecc0 GCTaskThread "GC Thread#6" [stack: 0x00000028e4200000,0x00000028e4300000] [id=18996]
  0x000001c9063bde80 GCTaskThread "GC Thread#7" [stack: 0x00000028e4300000,0x00000028e4400000] [id=10772]
  0x000001c8a15a7390 ConcurrentGCThread "G1 Main Marker" [stack: 0x00000028e2800000,0x00000028e2900000] [id=33120]
  0x000001c8a15a8c50 ConcurrentGCThread "G1 Conc#0" [stack: 0x00000028e2900000,0x00000028e2a00000] [id=11364]
  0x000001c906bed080 ConcurrentGCThread "G1 Conc#1" [stack: 0x00000028e4c00000,0x00000028e4d00000] [id=5192]
  0x000001c8a15ed750 ConcurrentGCThread "G1 Refine#0" [stack: 0x00000028e2a00000,0x00000028e2b00000] [id=33028]
  0x000001c906389900 ConcurrentGCThread "G1 Refine#1" [stack: 0x00000028e4400000,0x00000028e4500000] [id=31812]
  0x000001c9063be140 ConcurrentGCThread "G1 Refine#2" [stack: 0x00000028e4500000,0x00000028e4600000] [id=25668]
  0x000001c905378a10 ConcurrentGCThread "G1 Refine#3" [stack: 0x00000028e5000000,0x00000028e5100000] [id=31304]
  0x000001c8a15ee020 ConcurrentGCThread "G1 Service" [stack: 0x00000028e2b00000,0x00000028e2c00000] [id=21844]

Threads with active compile tasks:
C2 CompilerThread0   121841 7302   !   4       java.lang.reflect.Executable::declaredAnnotations (85 bytes)

VM state: not at safepoint (normal execution)

VM Mutex/Monitor currently owned by a thread: None

Heap address: 0x0000000084800000, size: 1976 MB, Compressed Oops mode: 32-bit

CDS archive(s) mapped at: [0x000001c8c0000000-0x000001c8c0bd0000-0x000001c8c0bd0000), size 12386304, SharedBaseAddress: 0x000001c8c0000000, ArchiveRelocationMode: 1.
Compressed class space mapped at: 0x000001c8c1000000-0x000001c901000000, reserved size: 1073741824
Narrow klass base: 0x000001c8c0000000, Narrow klass shift: 0, Narrow klass range: 0x100000000

GC Precious Log:
 CPUs: 8 total, 8 available
 Memory: 7901M
 Large Page Support: Disabled
 NUMA Support: Disabled
 Compressed Oops: Enabled (32-bit)
 Heap Region Size: 1M
 Heap Min Capacity: 8M
 Heap Initial Capacity: 124M
 Heap Max Capacity: 1976M
 Pre-touch: Disabled
 Parallel Workers: 8
 Concurrent Workers: 2
 Concurrent Refinement Workers: 8
 Periodic GC: Disabled

Heap:
 garbage-first heap   total 68608K, used 49872K [0x0000000084800000, 0x0000000100000000)
  region size 1024K, 14 young (14336K), 2 survivors (2048K)
 Metaspace       used 50769K, committed 51456K, reserved 1114112K
  class space    used 6640K, committed 6976K, reserved 1048576K

Heap Regions: E=young(eden), S=young(survivor), O=old, HS=humongous(starts), HC=humongous(continues), CS=collection set, F=free, OA=open archive, CA=closed archive, TAMS=top-at-mark-start (previous, next)
|   0|0x0000000084800000, 0x0000000084900000, 0x0000000084900000|100%|HS|  |TAMS 0x0000000084900000, 0x0000000084800000| Complete 
|   1|0x0000000084900000, 0x0000000084a00000, 0x0000000084a00000|100%| O|  |TAMS 0x0000000084a00000, 0x0000000084900000| Untracked 
|   2|0x0000000084a00000, 0x0000000084b00000, 0x0000000084b00000|100%| O|  |TAMS 0x0000000084b00000, 0x0000000084a00000| Untracked 
|   3|0x0000000084b00000, 0x0000000084c00000, 0x0000000084c00000|100%| O|  |TAMS 0x0000000084c00000, 0x0000000084b00000| Untracked 
|   4|0x0000000084c00000, 0x0000000084d00000, 0x0000000084d00000|100%| O|  |TAMS 0x0000000084d00000, 0x0000000084c00000| Untracked 
|   5|0x0000000084d00000, 0x0000000084e00000, 0x0000000084e00000|100%| O|  |TAMS 0x0000000084e00000, 0x0000000084d00000| Untracked 
|   6|0x0000000084e00000, 0x0000000084f00000, 0x0000000084f00000|100%| O|  |TAMS 0x0000000084f00000, 0x0000000084e00000| Untracked 
|   7|0x0000000084f00000, 0x0000000085000000, 0x0000000085000000|100%| O|  |TAMS 0x0000000085000000, 0x0000000084f00000| Untracked 
|   8|0x0000000085000000, 0x0000000085100000, 0x0000000085100000|100%| O|  |TAMS 0x0000000085100000, 0x0000000085000000| Untracked 
|   9|0x0000000085100000, 0x0000000085200000, 0x0000000085200000|100%| O|  |TAMS 0x0000000085200000, 0x0000000085100000| Untracked 
|  10|0x0000000085200000, 0x0000000085300000, 0x0000000085300000|100%| O|  |TAMS 0x0000000085300000, 0x0000000085200000| Untracked 
|  11|0x0000000085300000, 0x0000000085400000, 0x0000000085400000|100%| O|  |TAMS 0x0000000085400000, 0x0000000085300000| Untracked 
|  12|0x0000000085400000, 0x0000000085500000, 0x0000000085500000|100%| O|  |TAMS 0x0000000085500000, 0x0000000085400000| Untracked 
|  13|0x0000000085500000, 0x0000000085600000, 0x0000000085600000|100%| O|  |TAMS 0x0000000085600000, 0x0000000085500000| Untracked 
|  14|0x0000000085600000, 0x0000000085600000, 0x0000000085700000|  0%| F|  |TAMS 0x0000000085600000, 0x0000000085600000| Untracked 
|  15|0x0000000085700000, 0x0000000085800000, 0x0000000085800000|100%| O|  |TAMS 0x0000000085800000, 0x0000000085700000| Untracked 
|  16|0x0000000085800000, 0x0000000085900000, 0x0000000085900000|100%| O|  |TAMS 0x0000000085900000, 0x0000000085800000| Untracked 
|  17|0x0000000085900000, 0x0000000085a00000, 0x0000000085a00000|100%| O|  |TAMS 0x0000000085a00000, 0x0000000085900000| Untracked 
|  18|0x0000000085a00000, 0x0000000085b00000, 0x0000000085b00000|100%| O|  |TAMS 0x0000000085b00000, 0x0000000085a00000| Untracked 
|  19|0x0000000085b00000, 0x0000000085c00000, 0x0000000085c00000|100%| O|  |TAMS 0x0000000085c00000, 0x0000000085b00000| Untracked 
|  20|0x0000000085c00000, 0x0000000085d00000, 0x0000000085d00000|100%| O|  |TAMS 0x0000000085d00000, 0x0000000085c00000| Untracked 
|  21|0x0000000085d00000, 0x0000000085e00000, 0x0000000085e00000|100%| O|  |TAMS 0x0000000085e00000, 0x0000000085d00000| Untracked 
|  22|0x0000000085e00000, 0x0000000085f00000, 0x0000000085f00000|100%| O|  |TAMS 0x0000000085f00000, 0x0000000085e00000| Untracked 
|  23|0x0000000085f00000, 0x0000000086000000, 0x0000000086000000|100%| O|  |TAMS 0x0000000086000000, 0x0000000085f00000| Untracked 
|  24|0x0000000086000000, 0x0000000086100000, 0x0000000086100000|100%| O|  |TAMS 0x0000000086100000, 0x0000000086000000| Untracked 
|  25|0x0000000086100000, 0x0000000086200000, 0x0000000086200000|100%| O|  |TAMS 0x0000000086200000, 0x0000000086100000| Untracked 
|  26|0x0000000086200000, 0x0000000086300000, 0x0000000086300000|100%| O|  |TAMS 0x0000000086300000, 0x0000000086200000| Untracked 
|  27|0x0000000086300000, 0x0000000086400000, 0x0000000086400000|100%| O|  |TAMS 0x0000000086400000, 0x0000000086300000| Untracked 
|  28|0x0000000086400000, 0x0000000086500000, 0x0000000086500000|100%| O|  |TAMS 0x0000000086500000, 0x0000000086400000| Complete 
|  29|0x0000000086500000, 0x0000000086600000, 0x0000000086600000|100%| O|  |TAMS 0x0000000086600000, 0x0000000086500000| Untracked 
|  30|0x0000000086600000, 0x0000000086700000, 0x0000000086700000|100%| O|  |TAMS 0x0000000086700000, 0x0000000086600000| Complete 
|  31|0x0000000086700000, 0x0000000086800000, 0x0000000086800000|100%| O|  |TAMS 0x0000000086800000, 0x0000000086700000| Untracked 
|  32|0x0000000086800000, 0x0000000086900000, 0x0000000086900000|100%| O|  |TAMS 0x0000000086900000, 0x0000000086800000| Complete 
|  33|0x0000000086900000, 0x0000000086a00000, 0x0000000086a00000|100%| O|  |TAMS 0x0000000086a00000, 0x0000000086900000| Untracked 
|  34|0x0000000086a00000, 0x0000000086b00000, 0x0000000086b00000|100%| O|  |TAMS 0x0000000086b00000, 0x0000000086a00000| Untracked 
|  35|0x0000000086b00000, 0x0000000086c00000, 0x0000000086c00000|100%| O|  |TAMS 0x0000000086c00000, 0x0000000086b00000| Untracked 
|  36|0x0000000086c00000, 0x0000000086d00000, 0x0000000086d00000|100%| O|  |TAMS 0x0000000086d00000, 0x0000000086c00000| Untracked 
|  37|0x0000000086d00000, 0x0000000086d1f800, 0x0000000086e00000| 12%| O|  |TAMS 0x0000000086d1f800, 0x0000000086d00000| Untracked 
|  38|0x0000000086e00000, 0x0000000086e00000, 0x0000000086f00000|  0%| F|  |TAMS 0x0000000086e00000, 0x0000000086e00000| Untracked 
|  39|0x0000000086f00000, 0x0000000086f00000, 0x0000000087000000|  0%| F|  |TAMS 0x0000000086f00000, 0x0000000086f00000| Untracked 
|  40|0x0000000087000000, 0x0000000087000000, 0x0000000087100000|  0%| F|  |TAMS 0x0000000087000000, 0x0000000087000000| Untracked 
|  41|0x0000000087100000, 0x0000000087100000, 0x0000000087200000|  0%| F|  |TAMS 0x0000000087100000, 0x0000000087100000| Untracked 
|  42|0x0000000087200000, 0x0000000087200000, 0x0000000087300000|  0%| F|  |TAMS 0x0000000087200000, 0x0000000087200000| Untracked 
|  43|0x0000000087300000, 0x0000000087300000, 0x0000000087400000|  0%| F|  |TAMS 0x0000000087300000, 0x0000000087300000| Untracked 
|  44|0x0000000087400000, 0x0000000087400000, 0x0000000087500000|  0%| F|  |TAMS 0x0000000087400000, 0x0000000087400000| Untracked 
|  45|0x0000000087500000, 0x0000000087500000, 0x0000000087600000|  0%| F|  |TAMS 0x0000000087500000, 0x0000000087500000| Untracked 
|  46|0x0000000087600000, 0x0000000087600000, 0x0000000087700000|  0%| F|  |TAMS 0x0000000087600000, 0x0000000087600000| Untracked 
|  47|0x0000000087700000, 0x0000000087794a50, 0x0000000087800000| 58%| S|CS|TAMS 0x0000000087700000, 0x0000000087700000| Complete 
|  48|0x0000000087800000, 0x0000000087900000, 0x0000000087900000|100%| S|CS|TAMS 0x0000000087800000, 0x0000000087800000| Complete 
|  49|0x0000000087900000, 0x0000000087900000, 0x0000000087a00000|  0%| F|  |TAMS 0x0000000087900000, 0x0000000087900000| Untracked 
|  50|0x0000000087a00000, 0x0000000087a00000, 0x0000000087b00000|  0%| F|  |TAMS 0x0000000087a00000, 0x0000000087a00000| Untracked 
|  51|0x0000000087b00000, 0x0000000087b00000, 0x0000000087c00000|  0%| F|  |TAMS 0x0000000087b00000, 0x0000000087b00000| Untracked 
|  52|0x0000000087c00000, 0x0000000087c00000, 0x0000000087d00000|  0%| F|  |TAMS 0x0000000087c00000, 0x0000000087c00000| Untracked 
|  53|0x0000000087d00000, 0x0000000087d00000, 0x0000000087e00000|  0%| F|  |TAMS 0x0000000087d00000, 0x0000000087d00000| Untracked 
|  54|0x0000000087e00000, 0x0000000087e00000, 0x0000000087f00000|  0%| F|  |TAMS 0x0000000087e00000, 0x0000000087e00000| Untracked 
|  55|0x0000000087f00000, 0x0000000087f2f638, 0x0000000088000000| 18%| E|  |TAMS 0x0000000087f00000, 0x0000000087f00000| Complete 
|  56|0x0000000088000000, 0x0000000088100000, 0x0000000088100000|100%| E|CS|TAMS 0x0000000088000000, 0x0000000088000000| Complete 
|  57|0x0000000088100000, 0x0000000088200000, 0x0000000088200000|100%| E|CS|TAMS 0x0000000088100000, 0x0000000088100000| Complete 
|  58|0x0000000088200000, 0x0000000088300000, 0x0000000088300000|100%| E|CS|TAMS 0x0000000088200000, 0x0000000088200000| Complete 
|  59|0x0000000088300000, 0x0000000088400000, 0x0000000088400000|100%| E|CS|TAMS 0x0000000088300000, 0x0000000088300000| Complete 
|  92|0x000000008a400000, 0x000000008a500000, 0x000000008a500000|100%| E|CS|TAMS 0x000000008a400000, 0x000000008a400000| Complete 
|  93|0x000000008a500000, 0x000000008a600000, 0x000000008a600000|100%| E|CS|TAMS 0x000000008a500000, 0x000000008a500000| Complete 
|  94|0x000000008a600000, 0x000000008a700000, 0x000000008a700000|100%| E|CS|TAMS 0x000000008a600000, 0x000000008a600000| Complete 
|  95|0x000000008a700000, 0x000000008a800000, 0x000000008a800000|100%| E|CS|TAMS 0x000000008a700000, 0x000000008a700000| Complete 
|  96|0x000000008a800000, 0x000000008a900000, 0x000000008a900000|100%| E|CS|TAMS 0x000000008a800000, 0x000000008a800000| Complete 
|  97|0x000000008a900000, 0x000000008aa00000, 0x000000008aa00000|100%| E|CS|TAMS 0x000000008a900000, 0x000000008a900000| Complete 
| 123|0x000000008c300000, 0x000000008c400000, 0x000000008c400000|100%| E|CS|TAMS 0x000000008c300000, 0x000000008c300000| Complete 

Card table byte_map: [0x000001c8b8c90000,0x000001c8b9070000] _byte_map_base: 0x000001c8b886c000

Marking Bits (Prev, Next): (CMBitMap*) 0x000001c8a1596690, (CMBitMap*) 0x000001c8a15966d0
 Prev Bits: [0x000001c8b9450000, 0x000001c8bb330000)
 Next Bits: [0x000001c8bb330000, 0x000001c8bd210000)

Polling page: 0x000001c8a15f0000

Metaspace:

Usage:
  Non-class:     43.09 MB used.
      Class:      6.48 MB used.
       Both:     49.58 MB used.

Virtual space:
  Non-class space:       64.00 MB reserved,      43.44 MB ( 68%) committed,  1 nodes.
      Class space:        1.00 GB reserved,       6.81 MB ( <1%) committed,  1 nodes.
             Both:        1.06 GB reserved,      50.25 MB (  5%) committed. 

Chunk freelists:
   Non-Class:  4.59 MB
       Class:  9.22 MB
        Both:  13.81 MB

MaxMetaspaceSize: unlimited
CompressedClassSpaceSize: 1.00 GB
Initial GC threshold: 21.00 MB
Current GC threshold: 80.62 MB
CDS: on
MetaspaceReclaimPolicy: balanced
 - commit_granule_bytes: 65536.
 - commit_granule_words: 8192.
 - virtual_space_node_default_size: 8388608.
 - enlarge_chunks_in_place: 1.
 - new_chunks_are_fully_committed: 0.
 - uncommit_free_chunks: 1.
 - use_allocation_guard: 0.
 - handle_deallocations: 1.


Internal statistics:

num_allocs_failed_limit: 6.
num_arena_births: 930.
num_arena_deaths: 2.
num_vsnodes_births: 2.
num_vsnodes_deaths: 0.
num_space_committed: 804.
num_space_uncommitted: 0.
num_chunks_returned_to_freelist: 9.
num_chunks_taken_from_freelist: 2853.
num_chunk_merges: 6.
num_chunk_splits: 1839.
num_chunks_enlarged: 1252.
num_inconsistent_stats: 0.

CodeHeap 'non-profiled nmethods': size=120000Kb used=4779Kb max_used=4779Kb free=115220Kb
 bounds [0x000001c8b0910000, 0x000001c8b0dc0000, 0x000001c8b7e40000]
CodeHeap 'profiled nmethods': size=120000Kb used=13492Kb max_used=13492Kb free=106507Kb
 bounds [0x000001c8a8e40000, 0x000001c8a9b70000, 0x000001c8b0370000]
CodeHeap 'non-nmethods': size=5760Kb used=1291Kb max_used=1336Kb free=4468Kb
 bounds [0x000001c8b0370000, 0x000001c8b05e0000, 0x000001c8b0910000]
 total_blobs=7117 nmethods=6516 adapters=513
 compilation: enabled
              stopped_count=0, restarted_count=0
 full_count=0

Compilation events (20 events):
Event: 118.117 Thread 0x000001c8bfcdd0b0 nmethod 7299 0x000001c8b0db9810 code [0x000001c8b0db99a0, 0x000001c8b0db9ad8]
Event: 118.117 Thread 0x000001c8bfcdd0b0 7287       4       java.lang.invoke.MethodHandle::<init> (37 bytes)
Event: 118.123 Thread 0x000001c8bfcdd0b0 nmethod 7287 0x000001c8b0db9c90 code [0x000001c8b0db9e20, 0x000001c8b0dba0e8]
Event: 118.181 Thread 0x000001c8bfd0da90 7300       1       org.springframework.core.annotation.AnnotationTypeMapping$MirrorSets$MirrorSet::size (5 bytes)
Event: 118.181 Thread 0x000001c8bfd0da90 nmethod 7300 0x000001c8b0dba290 code [0x000001c8b0dba420, 0x000001c8b0dba4f8]
Event: 118.191 Thread 0x000001c8bfd0da90 7301       3       org.springframework.util.LinkedCaseInsensitiveMap::convertKey (9 bytes)
Event: 118.192 Thread 0x000001c8bfd0da90 nmethod 7301 0x000001c8a9b68690 code [0x000001c8a9b68860, 0x000001c8a9b68bb8]
Event: 118.207 Thread 0x000001c8bfcdd0b0 7302   !   4       java.lang.reflect.Executable::declaredAnnotations (85 bytes)
Event: 119.221 Thread 0x000001c8bfd0da90 7303       3       java.util.HashMap$KeySet::contains (9 bytes)
Event: 119.253 Thread 0x000001c8bfd0da90 nmethod 7303 0x000001c8a9b68d10 code [0x000001c8a9b68ec0, 0x000001c8a9b69088]
Event: 119.265 Thread 0x000001c8bfd0da90 7305       3       org.apache.tomcat.util.buf.ByteChunk::equalsIgnoreCase (76 bytes)
Event: 120.266 Thread 0x000001c8bfd0da90 nmethod 7305 0x000001c8a9b69190 code [0x000001c8a9b693e0, 0x000001c8a9b69dd8]
Event: 120.266 Thread 0x000001c8bfd0da90 7307       1       jakarta.servlet.ServletRequestWrapper::getRequest (5 bytes)
Event: 120.266 Thread 0x000001c8bfd0da90 nmethod 7307 0x000001c8b0dba590 code [0x000001c8b0dba720, 0x000001c8b0dba7f8]
Event: 120.266 Thread 0x000001c8bfd0da90 7304       3       org.apache.tomcat.util.buf.MessageBytes::equalsIgnoreCase (78 bytes)
Event: 120.267 Thread 0x000001c8bfd0da90 nmethod 7304 0x000001c8a9b6a290 code [0x000001c8a9b6a480, 0x000001c8a9b6a808]
Event: 120.267 Thread 0x000001c8bfd0da90 7306       1       org.springframework.http.server.DefaultPathContainer::elements (5 bytes)
Event: 120.267 Thread 0x000001c8bfd0da90 nmethod 7306 0x000001c8b0dba890 code [0x000001c8b0dbaa20, 0x000001c8b0dbaaf8]
Event: 120.267 Thread 0x000001c8bfd0da90 7308       1       org.springframework.http.server.DefaultRequestPath::pathWithinApplication (5 bytes)
Event: 120.267 Thread 0x000001c8bfd0da90 nmethod 7308 0x000001c8b0dbab90 code [0x000001c8b0dbad20, 0x000001c8b0dbadf8]

GC Heap History (20 events):
Event: 19.006 GC heap before
{Heap before GC invocations=12 (full 0):
 garbage-first heap   total 65536K, used 42436K [0x0000000084800000, 0x0000000100000000)
  region size 1024K, 13 young (13312K), 4 survivors (4096K)
 Metaspace       used 37577K, committed 38016K, reserved 1114112K
  class space    used 4719K, committed 4928K, reserved 1048576K
}
Event: 19.011 GC heap after
{Heap after GC invocations=13 (full 0):
 garbage-first heap   total 65536K, used 36885K [0x0000000084800000, 0x0000000100000000)
  region size 1024K, 2 young (2048K), 2 survivors (2048K)
 Metaspace       used 37577K, committed 38016K, reserved 1114112K
  class space    used 4719K, committed 4928K, reserved 1048576K
}
Event: 20.593 GC heap before
{Heap before GC invocations=14 (full 0):
 garbage-first heap   total 65536K, used 47125K [0x0000000084800000, 0x0000000100000000)
  region size 1024K, 14 young (14336K), 2 survivors (2048K)
 Metaspace       used 39559K, committed 40064K, reserved 1114112K
  class space    used 5008K, committed 5248K, reserved 1048576K
}
Event: 20.598 GC heap after
{Heap after GC invocations=15 (full 0):
 garbage-first heap   total 65536K, used 34103K [0x0000000084800000, 0x0000000100000000)
  region size 1024K, 2 young (2048K), 2 survivors (2048K)
 Metaspace       used 39559K, committed 40064K, reserved 1114112K
  class space    used 5008K, committed 5248K, reserved 1048576K
}
Event: 20.673 GC heap before
{Heap before GC invocations=15 (full 0):
 garbage-first heap   total 65536K, used 35127K [0x0000000084800000, 0x0000000100000000)
  region size 1024K, 3 young (3072K), 2 survivors (2048K)
 Metaspace       used 39602K, committed 40064K, reserved 1114112K
  class space    used 5016K, committed 5248K, reserved 1048576K
}
Event: 20.676 GC heap after
{Heap after GC invocations=16 (full 0):
 garbage-first heap   total 65536K, used 33390K [0x0000000084800000, 0x0000000100000000)
  region size 1024K, 1 young (1024K), 1 survivors (1024K)
 Metaspace       used 39602K, committed 40064K, reserved 1114112K
  class space    used 5016K, committed 5248K, reserved 1048576K
}
Event: 22.755 GC heap before
{Heap before GC invocations=16 (full 0):
 garbage-first heap   total 65536K, used 47726K [0x0000000084800000, 0x0000000100000000)
  region size 1024K, 16 young (16384K), 1 survivors (1024K)
 Metaspace       used 41325K, committed 41856K, reserved 1114112K
  class space    used 5247K, committed 5504K, reserved 1048576K
}
Event: 22.759 GC heap after
{Heap after GC invocations=17 (full 0):
 garbage-first heap   total 65536K, used 34868K [0x0000000084800000, 0x0000000100000000)
  region size 1024K, 2 young (2048K), 2 survivors (2048K)
 Metaspace       used 41325K, committed 41856K, reserved 1114112K
  class space    used 5247K, committed 5504K, reserved 1048576K
}
Event: 24.762 GC heap before
{Heap before GC invocations=18 (full 0):
 garbage-first heap   total 65536K, used 50228K [0x0000000084800000, 0x0000000100000000)
  region size 1024K, 17 young (17408K), 2 survivors (2048K)
 Metaspace       used 43617K, committed 44160K, reserved 1114112K
  class space    used 5662K, committed 5888K, reserved 1048576K
}
Event: 24.767 GC heap after
{Heap after GC invocations=19 (full 0):
 garbage-first heap   total 65536K, used 36120K [0x0000000084800000, 0x0000000100000000)
  region size 1024K, 2 young (2048K), 2 survivors (2048K)
 Metaspace       used 43617K, committed 44160K, reserved 1114112K
  class space    used 5662K, committed 5888K, reserved 1048576K
}
Event: 24.774 GC heap before
{Heap before GC invocations=19 (full 0):
 garbage-first heap   total 65536K, used 37144K [0x0000000084800000, 0x0000000100000000)
  region size 1024K, 3 young (3072K), 2 survivors (2048K)
 Metaspace       used 43619K, committed 44160K, reserved 1114112K
  class space    used 5662K, committed 5888K, reserved 1048576K
}
Event: 24.777 GC heap after
{Heap after GC invocations=20 (full 0):
 garbage-first heap   total 65536K, used 35582K [0x0000000084800000, 0x0000000100000000)
  region size 1024K, 1 young (1024K), 1 survivors (1024K)
 Metaspace       used 43619K, committed 44160K, reserved 1114112K
  class space    used 5662K, committed 5888K, reserved 1048576K
}
Event: 25.509 GC heap before
{Heap before GC invocations=20 (full 0):
 garbage-first heap   total 65536K, used 50942K [0x0000000084800000, 0x0000000100000000)
  region size 1024K, 16 young (16384K), 1 survivors (1024K)
 Metaspace       used 44717K, committed 45248K, reserved 1114112K
  class space    used 5820K, committed 6080K, reserved 1048576K
}
Event: 25.512 GC heap after
{Heap after GC invocations=21 (full 0):
 garbage-first heap   total 65536K, used 36436K [0x0000000084800000, 0x0000000100000000)
  region size 1024K, 1 young (1024K), 1 survivors (1024K)
 Metaspace       used 44717K, committed 45248K, reserved 1114112K
  class space    used 5820K, committed 6080K, reserved 1048576K
}
Event: 26.759 GC heap before
{Heap before GC invocations=22 (full 0):
 garbage-first heap   total 65536K, used 51796K [0x0000000084800000, 0x0000000100000000)
  region size 1024K, 16 young (16384K), 1 survivors (1024K)
 Metaspace       used 46536K, committed 47104K, reserved 1114112K
  class space    used 6104K, committed 6400K, reserved 1048576K
}
Event: 26.763 GC heap after
{Heap after GC invocations=23 (full 0):
 garbage-first heap   total 65536K, used 37544K [0x0000000084800000, 0x0000000100000000)
  region size 1024K, 2 young (2048K), 2 survivors (2048K)
 Metaspace       used 46536K, committed 47104K, reserved 1114112K
  class space    used 6104K, committed 6400K, reserved 1048576K
}
Event: 26.813 GC heap before
{Heap before GC invocations=23 (full 0):
 garbage-first heap   total 65536K, used 38568K [0x0000000084800000, 0x0000000100000000)
  region size 1024K, 3 young (3072K), 2 survivors (2048K)
 Metaspace       used 46768K, committed 47296K, reserved 1114112K
  class space    used 6134K, committed 6400K, reserved 1048576K
}
Event: 26.819 GC heap after
{Heap after GC invocations=24 (full 0):
 garbage-first heap   total 65536K, used 37282K [0x0000000084800000, 0x0000000100000000)
  region size 1024K, 1 young (1024K), 1 survivors (1024K)
 Metaspace       used 46768K, committed 47296K, reserved 1114112K
  class space    used 6134K, committed 6400K, reserved 1048576K
}
Event: 28.895 GC heap before
{Heap before GC invocations=24 (full 0):
 garbage-first heap   total 65536K, used 50594K [0x0000000084800000, 0x0000000100000000)
  region size 1024K, 15 young (15360K), 1 survivors (1024K)
 Metaspace       used 48881K, committed 49536K, reserved 1114112K
  class space    used 6418K, committed 6784K, reserved 1048576K
}
Event: 28.902 GC heap after
{Heap after GC invocations=25 (full 0):
 garbage-first heap   total 65536K, used 38608K [0x0000000084800000, 0x0000000100000000)
  region size 1024K, 2 young (2048K), 2 survivors (2048K)
 Metaspace       used 48881K, committed 49536K, reserved 1114112K
  class space    used 6418K, committed 6784K, reserved 1048576K
}

Deoptimization events (20 events):
Event: 29.160 Thread 0x000001c906f52b30 Uncommon trap: trap_request=0xffffff45 fr.pc=0x000001c8b0cdd160 relative=0x0000000000002c80
Event: 29.160 Thread 0x000001c906f52b30 Uncommon trap: reason=unstable_if action=reinterpret pc=0x000001c8b0cdd160 method=java.lang.ClassLoader.defineClassSourceLocation(Ljava/security/ProtectionDomain;)Ljava/lang/String; @ 15 c2
Event: 29.160 Thread 0x000001c906f52b30 DEOPT PACKING pc=0x000001c8b0cdd160 sp=0x00000028e4afc240
Event: 29.160 Thread 0x000001c906f52b30 DEOPT UNPACKING pc=0x000001c8b03c5ba3 sp=0x00000028e4afc1b8 mode 2
Event: 32.285 Thread 0x000001c906f53a60 Uncommon trap: trap_request=0xffffff45 fr.pc=0x000001c8b0d2e06c relative=0x000000000000016c
Event: 32.285 Thread 0x000001c906f53a60 Uncommon trap: reason=unstable_if action=reinterpret pc=0x000001c8b0d2e06c method=java.util.concurrent.locks.ReentrantLock$NonfairSync.initialTryLock()Z @ 25 c2
Event: 32.285 Thread 0x000001c906f53a60 DEOPT PACKING pc=0x000001c8b0d2e06c sp=0x00000028e52ff140
Event: 32.286 Thread 0x000001c906f53a60 DEOPT UNPACKING pc=0x000001c8b03c5ba3 sp=0x00000028e52ff028 mode 2
Event: 35.286 Thread 0x000001c906f53a60 Uncommon trap: trap_request=0xffffff45 fr.pc=0x000001c8b0cd3f64 relative=0x0000000000000164
Event: 35.286 Thread 0x000001c906f53a60 Uncommon trap: reason=unstable_if action=reinterpret pc=0x000001c8b0cd3f64 method=java.util.concurrent.locks.ReentrantLock$NonfairSync.initialTryLock()Z @ 25 c2
Event: 35.286 Thread 0x000001c906f53a60 DEOPT PACKING pc=0x000001c8b0cd3f64 sp=0x00000028e52ff0a0
Event: 35.286 Thread 0x000001c906f53a60 DEOPT UNPACKING pc=0x000001c8b03c5ba3 sp=0x00000028e52ff040 mode 2
Event: 95.369 Thread 0x000001c906f52b30 Uncommon trap: trap_request=0xffffffde fr.pc=0x000001c8b0b5ec0c relative=0x00000000000008cc
Event: 95.369 Thread 0x000001c906f52b30 Uncommon trap: reason=class_check action=maybe_recompile pc=0x000001c8b0b5ec0c method=java.util.Hashtable.get(Ljava/lang/Object;)Ljava/lang/Object; @ 45 c2
Event: 95.369 Thread 0x000001c906f52b30 DEOPT PACKING pc=0x000001c8b0b5ec0c sp=0x00000028e4afe920
Event: 95.371 Thread 0x000001c906f52b30 DEOPT UNPACKING pc=0x000001c8b03c5ba3 sp=0x00000028e4afe8c8 mode 2
Event: 118.133 Thread 0x000001c906865760 Uncommon trap: trap_request=0xffffff45 fr.pc=0x000001c8b0d0b660 relative=0x0000000000000060
Event: 118.133 Thread 0x000001c906865760 Uncommon trap: reason=unstable_if action=reinterpret pc=0x000001c8b0d0b660 method=java.lang.Class.componentType()Ljava/lang/Class; @ 4 c2
Event: 118.134 Thread 0x000001c906865760 DEOPT PACKING pc=0x000001c8b0d0b660 sp=0x00000028e5bfd5f0
Event: 118.134 Thread 0x000001c906865760 DEOPT UNPACKING pc=0x000001c8b03c5ba3 sp=0x00000028e5bfd580 mode 2

Classes unloaded (1 events):
Event: 22.820 Thread 0x000001c8bfca7080 Unloading class 0x000001c8c1538000 'jdk/internal/reflect/GeneratedSerializationConstructorAccessor24'

Classes redefined (0 events):
No events

Internal exceptions (20 events):
Event: 29.212 Thread 0x000001c906f52b30 Exception <a 'java/lang/ClassNotFoundException'{0x000000008a9c85c0}: org/springframework/context/support/LiveBeansView> (0x000000008a9c85c0) 
thrown [s\open\src\hotspot\share\classfile\systemDictionary.cpp, line 256]
Event: 29.212 Thread 0x000001c906f52b30 Exception <a 'java/lang/ClassNotFoundException'{0x000000008a9c8970}: org/springframework/boot/actuate/endpoint/jmx/EndpointMBean> (0x000000008a9c8970) 
thrown [s\open\src\hotspot\share\classfile\systemDictionary.cpp, line 256]
Event: 29.212 Thread 0x000001c906f52b30 Exception <a 'java/lang/ClassNotFoundException'{0x000000008a9c8d20}: org/springframework/boot/actuate/endpoint/jmx/DataEndpointMBean> (0x000000008a9c8d20) 
thrown [s\open\src\hotspot\share\classfile\systemDictionary.cpp, line 256]
Event: 29.212 Thread 0x000001c906f52b30 Exception <a 'java/lang/ClassNotFoundException'{0x000000008a9c90c8}: org/springframework/context/support/LiveBeansView> (0x000000008a9c90c8) 
thrown [s\open\src\hotspot\share\classfile\systemDictionary.cpp, line 256]
Event: 29.222 Thread 0x000001c906f52b30 Exception <a 'java/lang/ClassNotFoundException'{0x000000008a8165f8}: org/springframework/boot/actuate/endpoint/jmx/EndpointMBean> (0x000000008a8165f8) 
thrown [s\open\src\hotspot\share\classfile\systemDictionary.cpp, line 256]
Event: 29.228 Thread 0x000001c906f52b30 Exception <a 'java/lang/ClassNotFoundException'{0x000000008a85fed0}: org/springframework/boot/actuate/endpoint/jmx/DataEndpointMBean> (0x000000008a85fed0) 
thrown [s\open\src\hotspot\share\classfile\systemDictionary.cpp, line 256]
Event: 29.233 Thread 0x000001c906f52b30 Exception <a 'java/lang/ClassNotFoundException'{0x000000008a8a9a18}: org/springframework/context/support/LiveBeansView> (0x000000008a8a9a18) 
thrown [s\open\src\hotspot\share\classfile\systemDictionary.cpp, line 256]
Event: 29.234 Thread 0x000001c906f52b30 Exception <a 'java/lang/ClassNotFoundException'{0x000000008a8aa0e8}: org/springframework/boot/actuate/endpoint/jmx/EndpointMBean> (0x000000008a8aa0e8) 
thrown [s\open\src\hotspot\share\classfile\systemDictionary.cpp, line 256]
Event: 29.234 Thread 0x000001c906f52b30 Exception <a 'java/lang/ClassNotFoundException'{0x000000008a8aa4b8}: org/springframework/boot/actuate/endpoint/jmx/DataEndpointMBean> (0x000000008a8aa4b8) 
thrown [s\open\src\hotspot\share\classfile\systemDictionary.cpp, line 256]
Event: 29.234 Thread 0x000001c906f52b30 Exception <a 'java/lang/ClassNotFoundException'{0x000000008a8aa880}: org/springframework/context/support/LiveBeansView> (0x000000008a8aa880) 
thrown [s\open\src\hotspot\share\classfile\systemDictionary.cpp, line 256]
Event: 29.239 Thread 0x000001c906f52b30 Exception <a 'java/lang/ClassNotFoundException'{0x000000008a8aec28}: org/springframework/boot/actuate/endpoint/jmx/EndpointMBean> (0x000000008a8aec28) 
thrown [s\open\src\hotspot\share\classfile\systemDictionary.cpp, line 256]
Event: 29.239 Thread 0x000001c906f52b30 Exception <a 'java/lang/ClassNotFoundException'{0x000000008a8aefe0}: org/springframework/boot/actuate/endpoint/jmx/DataEndpointMBean> (0x000000008a8aefe0) 
thrown [s\open\src\hotspot\share\classfile\systemDictionary.cpp, line 256]
Event: 29.239 Thread 0x000001c906f52b30 Exception <a 'java/lang/ClassNotFoundException'{0x000000008a8af390}: org/springframework/context/support/LiveBeansView> (0x000000008a8af390) 
thrown [s\open\src\hotspot\share\classfile\systemDictionary.cpp, line 256]
Event: 29.239 Thread 0x000001c906f52b30 Exception <a 'java/lang/ClassNotFoundException'{0x000000008a8af748}: org/springframework/boot/actuate/endpoint/jmx/EndpointMBean> (0x000000008a8af748) 
thrown [s\open\src\hotspot\share\classfile\systemDictionary.cpp, line 256]
Event: 29.239 Thread 0x000001c906f52b30 Exception <a 'java/lang/ClassNotFoundException'{0x000000008a8afb00}: org/springframework/boot/actuate/endpoint/jmx/DataEndpointMBean> (0x000000008a8afb00) 
thrown [s\open\src\hotspot\share\classfile\systemDictionary.cpp, line 256]
Event: 29.240 Thread 0x000001c906f52b30 Exception <a 'java/lang/ClassNotFoundException'{0x000000008a8afeb0}: org/springframework/context/support/LiveBeansView> (0x000000008a8afeb0) 
thrown [s\open\src\hotspot\share\classfile\systemDictionary.cpp, line 256]
Event: 29.261 Thread 0x000001c906f52b30 Exception <a 'java/lang/NoSuchMethodError'{0x000000008a8d2cd8}: 'double java.lang.invoke.DirectMethodHandle$Holder.invokeInterface(java.lang.Object, java.lang.Object)'> (0x000000008a8d2cd8) 
thrown [s\open\src\hotspot\share\interpreter\linkResolver.cpp, line 759]
Event: 116.987 Thread 0x000001c90686ad70 Exception <a 'java/lang/NoSuchMethodError'{0x000000008a40e518}: 'java.lang.Object java.lang.invoke.DirectMethodHandle$Holder.invokeStaticInit(java.lang.Object, java.lang.Object, java.lang.Object, int, int)'> (0x000000008a40e518) 
thrown [s\open\src\hotspot\share\interpreter\linkResolver.cpp, line 759]
Event: 117.652 Thread 0x000001c906865760 Exception <a 'java/lang/NoSuchMethodError'{0x0000000088388028}: 'java.lang.Object java.lang.invoke.DirectMethodHandle$Holder.invokeSpecial(java.lang.Object, java.lang.Object, java.lang.Object, java.lang.Object, java.lang.Object, long)'> (0x0000000088388028) 
thrown [s\open\src\hotspot\share\interpreter\linkResolver.cpp, line 759]
Event: 117.653 Thread 0x000001c906865760 Exception <a 'java/lang/NoSuchMethodError'{0x000000008838b5a8}: 'java.lang.Object java.lang.invoke.Invokers$Holder.linkToTargetMethod(java.lang.Object, java.lang.Object, java.lang.Object, long, java.lang.Object)'> (0x000000008838b5a8) 
thrown [s\open\src\hotspot\share\interpreter\linkResolver.cpp, line 759]

VM Operations (20 events):
Event: 97.657 Executing VM operation: Cleanup
Event: 97.657 Executing VM operation: Cleanup done
Event: 117.200 Executing VM operation: HandshakeAllThreads
Event: 117.202 Executing VM operation: HandshakeAllThreads done
Event: 117.730 Executing VM operation: HandshakeAllThreads
Event: 117.730 Executing VM operation: HandshakeAllThreads done
Event: 117.730 Executing VM operation: Cleanup
Event: 117.730 Executing VM operation: Cleanup done
Event: 118.113 Executing VM operation: HandshakeAllThreads
Event: 118.113 Executing VM operation: HandshakeAllThreads done
Event: 118.160 Executing VM operation: HandshakeAllThreads
Event: 118.160 Executing VM operation: HandshakeAllThreads done
Event: 118.196 Executing VM operation: HandshakeAllThreads
Event: 118.196 Executing VM operation: HandshakeAllThreads done
Event: 119.205 Executing VM operation: Cleanup
Event: 119.205 Executing VM operation: Cleanup done
Event: 120.233 Executing VM operation: HandshakeAllThreads
Event: 120.279 Executing VM operation: HandshakeAllThreads done
Event: 121.286 Executing VM operation: Cleanup
Event: 121.287 Executing VM operation: Cleanup done

Events (20 events):
Event: 117.073 loading class java/util/concurrent/Semaphore$Sync done
Event: 117.073 loading class java/util/concurrent/Semaphore$NonfairSync done
Event: 117.076 loading class sun/nio/ch/SocketAdaptor
Event: 117.101 loading class sun/nio/ch/SocketAdaptor done
Event: 117.208 loading class sun/nio/ch/SocketChannelImpl$DefaultOptionsHolder
Event: 117.210 loading class sun/nio/ch/SocketChannelImpl$DefaultOptionsHolder done
Event: 117.220 loading class sun/nio/ch/SelectionKeyImpl
Event: 117.224 loading class java/nio/channels/spi/AbstractSelectionKey
Event: 117.224 loading class java/nio/channels/SelectionKey
Event: 117.225 loading class java/nio/channels/SelectionKey done
Event: 117.225 loading class java/nio/channels/spi/AbstractSelectionKey done
Event: 117.230 loading class sun/nio/ch/SelectionKeyImpl done
Event: 117.258 loading class java/lang/invoke/ConstantBootstraps
Event: 117.278 loading class java/lang/invoke/ConstantBootstraps done
Event: 119.261 loading class java/util/stream/ReduceOps$7
Event: 119.262 loading class java/util/stream/ReduceOps$7 done
Event: 119.262 loading class java/util/stream/ReduceOps$6ReducingSink
Event: 119.263 loading class java/util/stream/ReduceOps$6ReducingSink done
Event: 120.270 loading class java/util/ArrayList$SubList$2
Event: 120.272 loading class java/util/ArrayList$SubList$2 done


Dynamic libraries:
0x00007ff70d700000 - 0x00007ff70d710000 	C:\Program Files\Java\jdk-17\bin\java.exe
0x00007ffdbe340000 - 0x00007ffdbe5a5000 	C:\WINDOWS\SYSTEM32\ntdll.dll
0x00007ffdbcfc0000 - 0x00007ffdbd089000 	C:\WINDOWS\System32\KERNEL32.DLL
0x00007ffdbbc50000 - 0x00007ffdbc038000 	C:\WINDOWS\System32\KERNELBASE.dll
0x00007ffdbb490000 - 0x00007ffdbb5db000 	C:\WINDOWS\System32\ucrtbase.dll
0x00007ffdab550000 - 0x00007ffdab569000 	C:\Program Files\Java\jdk-17\bin\jli.dll
0x00007ffdbd300000 - 0x00007ffdbd3b3000 	C:\WINDOWS\System32\ADVAPI32.dll
0x00007ffdab570000 - 0x00007ffdab58b000 	C:\Program Files\Java\jdk-17\bin\VCRUNTIME140.dll
0x00007ffdbc540000 - 0x00007ffdbc5e9000 	C:\WINDOWS\System32\msvcrt.dll
0x00007ffdbc190000 - 0x00007ffdbc236000 	C:\WINDOWS\System32\sechost.dll
0x00007ffdbd520000 - 0x00007ffdbd635000 	C:\WINDOWS\System32\RPCRT4.dll
0x00007ffdbdc40000 - 0x00007ffdbde0a000 	C:\WINDOWS\System32\USER32.dll
0x00007ffdbb720000 - 0x00007ffdbb747000 	C:\WINDOWS\System32\win32u.dll
0x00007ffdbce40000 - 0x00007ffdbce6b000 	C:\WINDOWS\System32\GDI32.dll
0x00007ffda6990000 - 0x00007ffda6c2a000 	C:\WINDOWS\WinSxS\amd64_microsoft.windows.common-controls_6595b64144ccf1df_6.0.26100.4202_none_3e0698d4e335f517\COMCTL32.dll
0x00007ffdbb5e0000 - 0x00007ffdbb717000 	C:\WINDOWS\System32\gdi32full.dll
0x00007ffdbb990000 - 0x00007ffdbba33000 	C:\WINDOWS\System32\msvcp_win.dll
0x00007ffdb0a80000 - 0x00007ffdb0a8b000 	C:\WINDOWS\SYSTEM32\VERSION.dll
0x00007ffdbd2c0000 - 0x00007ffdbd2f0000 	C:\WINDOWS\System32\IMM32.DLL
0x00007ffdaa280000 - 0x00007ffdaa28c000 	C:\Program Files\Java\jdk-17\bin\vcruntime140_1.dll
0x00007ffd8bde0000 - 0x00007ffd8be6e000 	C:\Program Files\Java\jdk-17\bin\msvcp140.dll
0x00007ffd563e0000 - 0x00007ffd56fc1000 	C:\Program Files\Java\jdk-17\bin\server\jvm.dll
0x00007ffdbc520000 - 0x00007ffdbc528000 	C:\WINDOWS\System32\PSAPI.DLL
0x00007ffd9e800000 - 0x00007ffd9e80a000 	C:\WINDOWS\SYSTEM32\WSOCK32.dll
0x00007ffda6c30000 - 0x00007ffda6c65000 	C:\WINDOWS\SYSTEM32\WINMM.dll
0x00007ffdbd240000 - 0x00007ffdbd2b4000 	C:\WINDOWS\System32\WS2_32.dll
0x00007ffdba250000 - 0x00007ffdba26b000 	C:\WINDOWS\SYSTEM32\kernel.appcore.dll
0x00007ffda6e70000 - 0x00007ffda6e7a000 	C:\Program Files\Java\jdk-17\bin\jimage.dll
0x00007ffdb8ba0000 - 0x00007ffdb8de1000 	C:\WINDOWS\SYSTEM32\DBGHELP.DLL
0x00007ffdbd730000 - 0x00007ffdbdab5000 	C:\WINDOWS\System32\combase.dll
0x00007ffdbd640000 - 0x00007ffdbd721000 	C:\WINDOWS\System32\OLEAUT32.dll
0x00007ffdb7b30000 - 0x00007ffdb7b69000 	C:\WINDOWS\SYSTEM32\dbgcore.DLL
0x00007ffdbc040000 - 0x00007ffdbc0d9000 	C:\WINDOWS\System32\bcryptPrimitives.dll
0x00007ffd9a230000 - 0x00007ffd9a255000 	C:\Program Files\Java\jdk-17\bin\java.dll
0x00007ffd8a3a0000 - 0x00007ffd8a477000 	C:\Program Files\Java\jdk-17\bin\jsvml.dll
0x00007ffdbc6f0000 - 0x00007ffdbce32000 	C:\WINDOWS\System32\SHELL32.dll
0x00007ffdbb810000 - 0x00007ffdbb984000 	C:\WINDOWS\System32\wintypes.dll
0x00007ffdb90c0000 - 0x00007ffdb9918000 	C:\WINDOWS\SYSTEM32\windows.storage.dll
0x00007ffdbc240000 - 0x00007ffdbc331000 	C:\WINDOWS\System32\SHCORE.dll
0x00007ffdbd3c0000 - 0x00007ffdbd42a000 	C:\WINDOWS\System32\shlwapi.dll
0x00007ffdbb3a0000 - 0x00007ffdbb3cf000 	C:\WINDOWS\SYSTEM32\profapi.dll
0x00007ffd9f4a0000 - 0x00007ffd9f4b9000 	C:\Program Files\Java\jdk-17\bin\net.dll
0x00007ffdb74c0000 - 0x00007ffdb75de000 	C:\WINDOWS\SYSTEM32\WINHTTP.dll
0x00007ffdba7c0000 - 0x00007ffdba82a000 	C:\WINDOWS\system32\mswsock.dll
0x00007ffd9f440000 - 0x00007ffd9f456000 	C:\Program Files\Java\jdk-17\bin\nio.dll
0x00007ffd9e180000 - 0x00007ffd9e198000 	C:\Program Files\Java\jdk-17\bin\zip.dll
0x00007ffda6f00000 - 0x00007ffda6f0a000 	C:\Program Files\Java\jdk-17\bin\management.dll
0x00007ffda6ef0000 - 0x00007ffda6efb000 	C:\Program Files\Java\jdk-17\bin\management_ext.dll
0x00007ffd9a780000 - 0x00007ffd9a798000 	C:\WINDOWS\system32\napinsp.dll
0x00007ffdb9d30000 - 0x00007ffdb9e57000 	C:\WINDOWS\SYSTEM32\DNSAPI.dll
0x00007ffdb9cf0000 - 0x00007ffdb9d23000 	C:\WINDOWS\SYSTEM32\IPHLPAPI.DLL
0x00007ffdbc530000 - 0x00007ffdbc53a000 	C:\WINDOWS\System32\NSI.dll
0x00007ffd9a760000 - 0x00007ffd9a772000 	C:\WINDOWS\System32\winrnr.dll
0x00007ffd9a720000 - 0x00007ffd9a750000 	C:\WINDOWS\system32\nlansp_c.dll
0x00007ffdacbb0000 - 0x00007ffdacbd0000 	C:\WINDOWS\system32\wshbth.dll
0x00007ffdb0a90000 - 0x00007ffdb0a9b000 	C:\Windows\System32\rasadhlp.dll
0x00007ffdb4260000 - 0x00007ffdb42e6000 	C:\WINDOWS\System32\fwpuclnt.dll
0x00007ffdbaa70000 - 0x00007ffdbaa8b000 	C:\WINDOWS\SYSTEM32\CRYPTSP.dll
0x00007ffdba1b0000 - 0x00007ffdba1ea000 	C:\WINDOWS\system32\rsaenh.dll
0x00007ffdba860000 - 0x00007ffdba88b000 	C:\WINDOWS\SYSTEM32\USERENV.dll
0x00007ffdbb370000 - 0x00007ffdbb396000 	C:\WINDOWS\SYSTEM32\bcrypt.dll
0x00007ffdbaa90000 - 0x00007ffdbaa9c000 	C:\WINDOWS\SYSTEM32\CRYPTBASE.dll
0x00007ffdb4520000 - 0x00007ffdb453f000 	C:\WINDOWS\SYSTEM32\dhcpcsvc6.DLL
0x00007ffdb3e40000 - 0x00007ffdb3e65000 	C:\WINDOWS\SYSTEM32\dhcpcsvc.DLL
0x00007ffda6e90000 - 0x00007ffda6ea0000 	C:\Program Files\Java\jdk-17\bin\verify.dll
0x00007ffda6ee0000 - 0x00007ffda6eee000 	C:\Program Files\Java\jdk-17\bin\sunmscapi.dll
0x00007ffdbba40000 - 0x00007ffdbbbb7000 	C:\WINDOWS\System32\CRYPT32.dll
0x00007ffdbac90000 - 0x00007ffdbacc0000 	C:\WINDOWS\SYSTEM32\ncrypt.dll
0x00007ffdbac40000 - 0x00007ffdbac7f000 	C:\WINDOWS\SYSTEM32\NTASN1.dll
0x00007ffd84280000 - 0x00007ffd84288000 	C:\WINDOWS\system32\wshunix.dll

dbghelp: loaded successfully - version: 4.0.5 - missing functions: none
symbol engine: initialized successfully - sym options: 0x614 - pdb path: .;C:\Program Files\Java\jdk-17\bin;C:\WINDOWS\SYSTEM32;C:\WINDOWS\WinSxS\amd64_microsoft.windows.common-controls_6595b64144ccf1df_6.0.26100.4202_none_3e0698d4e335f517;C:\Program Files\Java\jdk-17\bin\server

VM Arguments:
jvm_args: -Dcom.sun.management.jmxremote -Dcom.sun.management.jmxremote.port=62187 -Dcom.sun.management.jmxremote.authenticate=false -Dcom.sun.management.jmxremote.ssl=false -Dspring.jmx.enabled=true -Djava.rmi.server.hostname=localhost -Dspring.application.admin.enabled=true -Dspring.boot.project.name=home-service -XX:+ShowCodeDetailsInExceptionMessages -Dmanagement.endpoints.jmx.exposure.include=* 
java_command: com.jigubangbang.home_service.HomeServiceApplication
java_class_path (initial): C:\Cloud\jigubangbang\qc-home-repo\home-service\target\classes;C:\Users\LG\.m2\repository\org\springframework\boot\spring-boot-starter-web\3.4.6\spring-boot-starter-web-3.4.6.jar;C:\Users\LG\.m2\repository\org\springframework\boot\spring-boot-starter\3.4.6\spring-boot-starter-3.4.6.jar;C:\Users\LG\.m2\repository\org\springframework\boot\spring-boot-starter-logging\3.4.6\spring-boot-starter-logging-3.4.6.jar;C:\Users\LG\.m2\repository\ch\qos\logback\logback-classic\1.5.18\logback-classic-1.5.18.jar;C:\Users\LG\.m2\repository\ch\qos\logback\logback-core\1.5.18\logback-core-1.5.18.jar;C:\Users\LG\.m2\repository\org\apache\logging\log4j\log4j-to-slf4j\2.24.3\log4j-to-slf4j-2.24.3.jar;C:\Users\LG\.m2\repository\org\apache\logging\log4j\log4j-api\2.24.3\log4j-api-2.24.3.jar;C:\Users\LG\.m2\repository\org\slf4j\jul-to-slf4j\2.0.17\jul-to-slf4j-2.0.17.jar;C:\Users\LG\.m2\repository\jakarta\annotation\jakarta.annotation-api\2.1.1\jakarta.annotation-api-2.1.1.jar;C:\Users\LG\.m2\repository\org\yaml\snakeyaml\2.3\snakeyaml-2.3.jar;C:\Users\LG\.m2\repository\org\springframework\boot\spring-boot-starter-json\3.4.6\spring-boot-starter-json-3.4.6.jar;C:\Users\LG\.m2\repository\com\fasterxml\jackson\datatype\jackson-datatype-jdk8\2.18.4\jackson-datatype-jdk8-2.18.4.jar;C:\Users\LG\.m2\repository\com\fasterxml\jackson\datatype\jackson-datatype-jsr310\2.18.4\jackson-datatype-jsr310-2.18.4.jar;C:\Users\LG\.m2\repository\com\fasterxml\jackson\module\jackson-module-parameter-names\2.18.4\jackson-module-parameter-names-2.18.4.jar;C:\Users\LG\.m2\repository\org\springframework\boot\spring-boot-starter-tomcat\3.4.6\spring-boot-starter-tomcat-3.4.6.jar;C:\Users\LG\.m2\repository\org\apache\tomcat\embed\tomcat-embed-core\10.1.41\tomcat-embed-core-10.1.41.jar;C:\Users\LG\.m2\repository\org\apache\tomcat\embed\tomcat-embed-el\10.1.41\tomcat-embed-el-10.1.41.jar;C:\Users\LG\.m2\repository\org\apache\tomcat\embed\tomcat-embed-websocket\10.1.41\tomcat-embed-websocket-
Launcher Type: SUN_STANDARD

[Global flags]
     intx CICompilerCount                          = 4                                         {product} {ergonomic}
     uint ConcGCThreads                            = 2                                         {product} {ergonomic}
     uint G1ConcRefinementThreads                  = 8                                         {product} {ergonomic}
   size_t G1HeapRegionSize                         = 1048576                                   {product} {ergonomic}
    uintx GCDrainStackTargetSize                   = 64                                        {product} {ergonomic}
   size_t InitialHeapSize                          = 130023424                                 {product} {ergonomic}
     bool ManagementServer                         = true                                      {product} {command line}
   size_t MarkStackSize                            = 4194304                                   {product} {ergonomic}
   size_t MaxHeapSize                              = 2071986176                                {product} {ergonomic}
   size_t MaxNewSize                               = 1242562560                                {product} {ergonomic}
   size_t MinHeapDeltaBytes                        = 1048576                                   {product} {ergonomic}
   size_t MinHeapSize                              = 8388608                                   {product} {ergonomic}
    uintx NonNMethodCodeHeapSize                   = 5839372                                {pd product} {ergonomic}
    uintx NonProfiledCodeHeapSize                  = 122909434                              {pd product} {ergonomic}
    uintx ProfiledCodeHeapSize                     = 122909434                              {pd product} {ergonomic}
    uintx ReservedCodeCacheSize                    = 251658240                              {pd product} {ergonomic}
     bool SegmentedCodeCache                       = true                                      {product} {ergonomic}
     bool ShowCodeDetailsInExceptionMessages       = true                                   {manageable} {command line}
   size_t SoftMaxHeapSize                          = 2071986176                             {manageable} {ergonomic}
     bool UseCompressedClassPointers               = true                           {product lp64_product} {ergonomic}
     bool UseCompressedOops                        = true                           {product lp64_product} {ergonomic}
     bool UseG1GC                                  = true                                      {product} {ergonomic}
     bool UseLargePagesIndividualAllocation        = false                                  {pd product} {ergonomic}

Logging:
Log output configuration:
 #0: stdout all=warning uptime,level,tags
 #1: stderr all=off uptime,level,tags

Environment Variables:
JAVA_HOME=C:\Program Files\Java\jdk-17
PATH=C:\Program Files\MySQL\MySQL Server 8.0\bin\;C:\Program Files\nodejs\;C:\Program Files\Java\jdk-17\bin;C:\Program Files\PuTTY\;C:\Program Files\Git\cmd;C:\Program Files\MySQL\MySQL Shell 8.0\bin\;C:\Program Files\MySQL\MySQL Shell 8.0\bin;C:\Users\LG\AppData\Local\Microsoft\WindowsApps;C:\Users\LG\AppData\Local\Programs\Microsoft VS Code\bin;C:\Users\LG\AppData\Roaming\npm;C:\Windows\System32;C:\Windows;
USERNAME=LG
LANG=ko_KR.UTF-8
OS=Windows_NT
PROCESSOR_IDENTIFIER=Intel64 Family 6 Model 126 Stepping 5, GenuineIntel



---------------  S Y S T E M  ---------------

OS:
 Windows 11 , 64 bit Build 26100 (10.0.26100.4202)
OS uptime: 5 days 10:57 hours
Hyper-V role detected

CPU: total 8 (initial active 8) (4 cores per cpu, 2 threads per core) family 6 model 126 stepping 5 microcode 0x96, cx8, cmov, fxsr, ht, mmx, 3dnowpref, sse, sse2, sse3, ssse3, sse4.1, sse4.2, popcnt, lzcnt, tsc, tscinvbit, avx, avx2, aes, erms, clmul, bmi1, bmi2, adx, avx512f, avx512dq, avx512cd, avx512bw, avx512vl, sha, fma, vzeroupper, avx512_vpopcntdq, avx512_vpclmulqdq, avx512_vaes, avx512_vnni, clflush, clflushopt, avx512_vbmi2, avx512_vbmi, hv

Memory: 4k page, system-wide physical 7901M (694M free)
TotalPageFile size 32477M (AvailPageFile size 0M)
current process WorkingSet (physical memory assigned to process): 114M, peak: 252M
current process commit charge ("private bytes"): 273M, peak: 289M

vm_info: Java HotSpot(TM) 64-Bit Server VM (17.0.14+8-LTS-191) for windows-amd64 JRE (17.0.14+8-LTS-191), built on Dec  3 2024 11:07:59 by "mach5one" with MS VC++ 17.6 (VS2022)

END.
